# JRE version: OpenJDK Runtime Environment (17.0.11) (build 17.0.11+0--11852314)
# Java VM: OpenJDK 64-Bit Server VM (17.0.11+0--11852314, mixed mode, tiered, compressed oops, compressed class ptrs, g1 gc, windows-amd64)
GC Precious Log:
 CPUs: 12 total, 12 available
 Memory: 16225M
 Large Page Support: Disabled
 NUMA Support: Disabled
 Compressed Oops: Enabled (32-bit)
 Heap Region Size: 1M
 Heap Min Capacity: 8M
 Heap Initial Capacity: 254M
 Heap Max Capacity: 2G
 Pre-touch: Disabled
 Parallel Workers: 10
 Concurrent Workers: 3
 Concurrent Refinement Workers: 10
 Periodic GC: Disabled
Heap:
 garbage-first heap   total 481280K, used 142718K [0x0000000080000000, 0x0000000100000000)
  region size 1024K, 11 young (11264K), 11 survivors (11264K)
 Metaspace       used 156978K, committed 158848K, reserved 1245184K
  class space    used 21017K, committed 21952K, reserved 1048576K
GC Heap History (20 events):
Event: 12839.159 GC heap after
{Heap after GC invocations=184 (full 0):
 garbage-first heap   total 419840K, used 125446K [0x0000000080000000, 0x0000000100000000)
  region size 1024K, 3 young (3072K), 3 survivors (3072K)
 Metaspace       used 156564K, committed 158720K, reserved 1245184K
  class space    used 20999K, committed 21952K, reserved 1048576K
}
Event: 12839.441 GC heap before
{Heap before GC invocations=184 (full 0):
 garbage-first heap   total 419840K, used 178694K [0x0000000080000000, 0x0000000100000000)
  region size 1024K, 57 young (58368K), 3 survivors (3072K)
 Metaspace       used 156585K, committed 158720K, reserved 1245184K
  class space    used 21002K, committed 21952K, reserved 1048576K
}
Event: 12839.483 GC heap after
{Heap after GC invocations=185 (full 0):
 garbage-first heap   total 1091584K, used 133952K [0x0000000080000000, 0x0000000100000000)
  region size 1024K, 12 young (12288K), 12 survivors (12288K)
 Metaspace       used 156585K, committed 158720K, reserved 1245184K
  class space    used 21002K, committed 21952K, reserved 1048576K
}
Event: 13350.251 GC heap before
{Heap before GC invocations=186 (full 0):
 garbage-first heap   total 481280K, used 376640K [0x0000000080000000, 0x0000000100000000)
  region size 1024K, 200 young (204800K), 12 survivors (12288K)
 Metaspace       used 156662K, committed 158720K, reserved 1245184K
  class space    used 21004K, committed 21952K, reserved 1048576K
}
Event: 13350.317 GC heap after
{Heap after GC invocations=187 (full 0):
 garbage-first heap   total 481280K, used 151269K [0x0000000080000000, 0x0000000100000000)
  region size 1024K, 25 young (25600K), 25 survivors (25600K)
 Metaspace       used 156662K, committed 158720K, reserved 1245184K
  class space    used 21004K, committed 21952K, reserved 1048576K
}
Event: 13350.320 GC heap before
{Heap before GC invocations=187 (full 0):
 garbage-first heap   total 481280K, used 152293K [0x0000000080000000, 0x0000000100000000)
  region size 1024K, 26 young (26624K), 25 survivors (25600K)
 Metaspace       used 156662K, committed 158720K, reserved 1245184K
  class space    used 21004K, committed 21952K, reserved 1048576K
}
Event: 13350.445 GC heap after
{Heap after GC invocations=188 (full 0):
 garbage-first heap   total 481280K, used 147837K [0x0000000080000000, 0x0000000100000000)
  region size 1024K, 4 young (4096K), 4 survivors (4096K)
 Metaspace       used 156662K, committed 158720K, reserved 1245184K
  class space    used 21004K, committed 21952K, reserved 1048576K
}
Event: 13350.689 GC heap before
{Heap before GC invocations=188 (full 0):
 garbage-first heap   total 481280K, used 171389K [0x0000000080000000, 0x0000000100000000)
  region size 1024K, 28 young (28672K), 4 survivors (4096K)
 Metaspace       used 156702K, committed 158720K, reserved 1245184K
  class space    used 21005K, committed 21952K, reserved 1048576K
}
Event: 13350.693 GC heap after
{Heap after GC invocations=189 (full 0):
 garbage-first heap   total 481280K, used 155720K [0x0000000080000000, 0x0000000100000000)
  region size 1024K, 12 young (12288K), 12 survivors (12288K)
 Metaspace       used 156702K, committed 158720K, reserved 1245184K
  class space    used 21005K, committed 21952K, reserved 1048576K
}
Event: 13353.429 GC heap before
{Heap before GC invocations=190 (full 0):
 garbage-first heap   total 481280K, used 305224K [0x0000000080000000, 0x0000000100000000)
  region size 1024K, 146 young (149504K), 12 survivors (12288K)
 Metaspace       used 156854K, committed 158784K, reserved 1245184K
  class space    used 21013K, committed 21952K, reserved 1048576K
}
Event: 13353.440 GC heap after
{Heap after GC invocations=191 (full 0):
 garbage-first heap   total 481280K, used 152872K [0x0000000080000000, 0x0000000100000000)
  region size 1024K, 11 young (11264K), 11 survivors (11264K)
 Metaspace       used 156854K, committed 158784K, reserved 1245184K
  class space    used 21013K, committed 21952K, reserved 1048576K
}
Event: 13353.487 GC heap before
{Heap before GC invocations=191 (full 0):
 garbage-first heap   total 481280K, used 164136K [0x0000000080000000, 0x0000000100000000)
  region size 1024K, 23 young (23552K), 11 survivors (11264K)
 Metaspace       used 156857K, committed 158784K, reserved 1245184K
  class space    used 21013K, committed 21952K, reserved 1048576K
}
Event: 13353.517 GC heap after
{Heap after GC invocations=192 (full 0):
 garbage-first heap   total 481280K, used 133840K [0x0000000080000000, 0x0000000100000000)
  region size 1024K, 3 young (3072K), 3 survivors (3072K)
 Metaspace       used 156857K, committed 158784K, reserved 1245184K
  class space    used 21013K, committed 21952K, reserved 1048576K
}
Event: 13353.535 GC heap before
{Heap before GC invocations=192 (full 0):
 garbage-first heap   total 481280K, used 135888K [0x0000000080000000, 0x0000000100000000)
  region size 1024K, 7 young (7168K), 3 survivors (3072K)
 Metaspace       used 156857K, committed 158784K, reserved 1245184K
  class space    used 21013K, committed 21952K, reserved 1048576K
}
Event: 13353.537 GC heap after
{Heap after GC invocations=193 (full 0):
 garbage-first heap   total 481280K, used 132427K [0x0000000080000000, 0x0000000100000000)
  region size 1024K, 1 young (1024K), 1 survivors (1024K)
 Metaspace       used 156857K, committed 158784K, reserved 1245184K
  class space    used 21013K, committed 21952K, reserved 1048576K
}
Event: 13998.656 GC heap before
{Heap before GC invocations=194 (full 0):
 garbage-first heap   total 481280K, used 383307K [0x0000000080000000, 0x0000000100000000)
  region size 1024K, 201 young (205824K), 1 survivors (1024K)
 Metaspace       used 156939K, committed 158784K, reserved 1245184K
  class space    used 21015K, committed 21952K, reserved 1048576K
}
Event: 13998.685 GC heap after
{Heap after GC invocations=195 (full 0):
 garbage-first heap   total 481280K, used 145739K [0x0000000080000000, 0x0000000100000000)
  region size 1024K, 18 young (18432K), 18 survivors (18432K)
 Metaspace       used 156939K, committed 158784K, reserved 1245184K
  class space    used 21015K, committed 21952K, reserved 1048576K
}
Event: 13998.697 GC heap before
{Heap before GC invocations=195 (full 0):
 garbage-first heap   total 481280K, used 150859K [0x0000000080000000, 0x0000000100000000)
  region size 1024K, 23 young (23552K), 18 survivors (18432K)
 Metaspace       used 156939K, committed 158784K, reserved 1245184K
  class space    used 21015K, committed 21952K, reserved 1048576K
}
Event: 13998.750 GC heap after
{Heap after GC invocations=196 (full 0):
 garbage-first heap   total 481280K, used 135271K [0x0000000080000000, 0x0000000100000000)
  region size 1024K, 3 young (3072K), 3 survivors (3072K)
 Metaspace       used 156939K, committed 158784K, reserved 1245184K
  class space    used 21015K, committed 21952K, reserved 1048576K
}
Event: 13999.576 GC heap before
{Heap before GC invocations=196 (full 0):
 garbage-first heap   total 481280K, used 255079K [0x0000000080000000, 0x0000000100000000)
  region size 1024K, 122 young (124928K), 3 survivors (3072K)
 Metaspace       used 156978K, committed 158848K, reserved 1245184K
  class space    used 21017K, committed 21952K, reserved 1048576K
}

